/ros2_ws/install/mine_pipeline/lib/python3.10/site-packages/mine_pipeline/preproc_node.py
/ros2_ws/install/mine_pipeline/lib/python3.10/site-packages/mine_pipeline/sensor_sim_node.py
/ros2_ws/install/mine_pipeline/lib/python3.10/site-packages/mine_pipeline/alarm_node.py
/ros2_ws/install/mine_pipeline/lib/python3.10/site-packages/mine_pipeline/__init__.py
/ros2_ws/install/mine_pipeline/lib/python3.10/site-packages/mine_pipeline/pipeline_launcher.py
/ros2_ws/install/mine_pipeline/lib/python3.10/site-packages/mine_pipeline/ai_inference_node.py
/ros2_ws/install/mine_pipeline/lib/python3.10/site-packages/mine_pipeline/inference_logger.py
/ros2_ws/install/mine_pipeline/lib/python3.10/site-packages/mine_pipeline/__pycache__/preproc_node.cpython-310.pyc
/ros2_ws/install/mine_pipeline/lib/python3.10/site-packages/mine_pipeline/__pycache__/sensor_sim_node.cpython-310.pyc
/ros2_ws/install/mine_pipeline/lib/python3.10/site-packages/mine_pipeline/__pycache__/alarm_node.cpython-310.pyc
/ros2_ws/install/mine_pipeline/lib/python3.10/site-packages/mine_pipeline/__pycache__/__init__.cpython-310.pyc
/ros2_ws/install/mine_pipeline/lib/python3.10/site-packages/mine_pipeline/__pycache__/pipeline_launcher.cpython-310.pyc
/ros2_ws/install/mine_pipeline/lib/python3.10/site-packages/mine_pipeline/__pycache__/ai_inference_node.cpython-310.pyc
/ros2_ws/install/mine_pipeline/lib/python3.10/site-packages/mine_pipeline/__pycache__/inference_logger.cpython-310.pyc
/ros2_ws/install/mine_pipeline/share/ament_index/resource_index/packages/mine_pipeline
/ros2_ws/install/mine_pipeline/share/mine_pipeline/package.xml
/ros2_ws/install/mine_pipeline/share/mine_pipeline/launch/pipeline.launch.py
/ros2_ws/install/mine_pipeline/lib/python3.10/site-packages/mine_pipeline-0.0.0-py3.10.egg-info/PKG-INFO
/ros2_ws/install/mine_pipeline/lib/python3.10/site-packages/mine_pipeline-0.0.0-py3.10.egg-info/zip-safe
/ros2_ws/install/mine_pipeline/lib/python3.10/site-packages/mine_pipeline-0.0.0-py3.10.egg-info/SOURCES.txt
/ros2_ws/install/mine_pipeline/lib/python3.10/site-packages/mine_pipeline-0.0.0-py3.10.egg-info/entry_points.txt
/ros2_ws/install/mine_pipeline/lib/python3.10/site-packages/mine_pipeline-0.0.0-py3.10.egg-info/requires.txt
/ros2_ws/install/mine_pipeline/lib/python3.10/site-packages/mine_pipeline-0.0.0-py3.10.egg-info/top_level.txt
/ros2_ws/install/mine_pipeline/lib/python3.10/site-packages/mine_pipeline-0.0.0-py3.10.egg-info/dependency_links.txt
/ros2_ws/install/mine_pipeline/lib/mine_pipeline/ai_inference_node
/ros2_ws/install/mine_pipeline/lib/mine_pipeline/alarm_node
/ros2_ws/install/mine_pipeline/lib/mine_pipeline/full_pipeline
/ros2_ws/install/mine_pipeline/lib/mine_pipeline/preproc_node
/ros2_ws/install/mine_pipeline/lib/mine_pipeline/sensor_sim_node
